[debug] [2023-03-29T14:16:42.836Z] ----------------------------------------------------------------------
[debug] [2023-03-29T14:16:42.841Z] Command:       /Users/isaiahjohnson/.nvm/versions/node/v19.6.0/bin/node /Users/isaiahjohnson/.nvm/versions/node/v19.6.0/bin/firebase deploy --only hosting --debug
[debug] [2023-03-29T14:16:42.842Z] CLI Version:   11.25.1
[debug] [2023-03-29T14:16:42.842Z] Platform:      darwin
[debug] [2023-03-29T14:16:42.842Z] Node Version:  v19.6.0
[debug] [2023-03-29T14:16:42.842Z] Time:          Wed Mar 29 2023 09:16:42 GMT-0500 (Central Daylight Time)
[debug] [2023-03-29T14:16:42.842Z] ----------------------------------------------------------------------
[debug] 
[debug] [2023-03-29T14:16:42.843Z] >>> [apiv2][query] GET https://firebase-public.firebaseio.com/cli.json [none]
[debug] [2023-03-29T14:16:42.895Z] > command requires scopes: ["email","openid","https://www.googleapis.com/auth/cloudplatformprojects.readonly","https://www.googleapis.com/auth/firebase","https://www.googleapis.com/auth/cloud-platform"]
[debug] [2023-03-29T14:16:42.895Z] > authorizing via signed-in user (dparrasite@gmail.com)
[debug] [2023-03-29T14:16:42.895Z] [iam] checking project cutcritic-940d1 for permissions ["firebase.projects.get","firebasehosting.sites.update"]
[debug] [2023-03-29T14:16:42.896Z] > refreshing access token with scopes: []
[debug] [2023-03-29T14:16:42.896Z] >>> [apiv2][query] POST https://www.googleapis.com/oauth2/v3/token [none]
[debug] [2023-03-29T14:16:42.896Z] >>> [apiv2][body] POST https://www.googleapis.com/oauth2/v3/token [omitted]
[debug] [2023-03-29T14:16:43.069Z] <<< [apiv2][status] GET https://firebase-public.firebaseio.com/cli.json 200
[debug] [2023-03-29T14:16:43.070Z] <<< [apiv2][body] GET https://firebase-public.firebaseio.com/cli.json {"cloudBuildErrorAfter":1594252800000,"cloudBuildWarnAfter":1590019200000,"defaultNode10After":1594252800000,"minVersion":"3.0.5","node8DeploysDisabledAfter":1613390400000,"node8RuntimeDisabledAfter":1615809600000,"node8WarnAfter":1600128000000}
[debug] [2023-03-29T14:16:43.103Z] <<< [apiv2][status] POST https://www.googleapis.com/oauth2/v3/token 200
[debug] [2023-03-29T14:16:43.103Z] <<< [apiv2][body] POST https://www.googleapis.com/oauth2/v3/token [omitted]
[debug] [2023-03-29T14:16:43.116Z] >>> [apiv2][query] POST https://cloudresourcemanager.googleapis.com/v1/projects/cutcritic-940d1:testIamPermissions [none]
[debug] [2023-03-29T14:16:43.116Z] >>> [apiv2][(partial)header] POST https://cloudresourcemanager.googleapis.com/v1/projects/cutcritic-940d1:testIamPermissions x-goog-quota-user=projects/cutcritic-940d1
[debug] [2023-03-29T14:16:43.116Z] >>> [apiv2][body] POST https://cloudresourcemanager.googleapis.com/v1/projects/cutcritic-940d1:testIamPermissions {"permissions":["firebase.projects.get","firebasehosting.sites.update"]}
[debug] [2023-03-29T14:16:43.402Z] <<< [apiv2][status] POST https://cloudresourcemanager.googleapis.com/v1/projects/cutcritic-940d1:testIamPermissions 200
[debug] [2023-03-29T14:16:43.402Z] <<< [apiv2][body] POST https://cloudresourcemanager.googleapis.com/v1/projects/cutcritic-940d1:testIamPermissions {"permissions":["firebase.projects.get","firebasehosting.sites.update"]}
[debug] [2023-03-29T14:16:43.404Z] >>> [apiv2][query] GET https://firebase.googleapis.com/v1beta1/projects/cutcritic-940d1 [none]
[debug] [2023-03-29T14:16:43.662Z] <<< [apiv2][status] GET https://firebase.googleapis.com/v1beta1/projects/cutcritic-940d1 200
[debug] [2023-03-29T14:16:43.662Z] <<< [apiv2][body] GET https://firebase.googleapis.com/v1beta1/projects/cutcritic-940d1 {"projectId":"cutcritic-940d1","projectNumber":"313088351936","displayName":"CutCritic","name":"projects/cutcritic-940d1","resources":{"hostingSite":"cutcritic-940d1"},"state":"ACTIVE","etag":"1_425e9dcc-f1b9-473a-a425-fb9e4c733e7f"}
[info] 
[info] === Deploying to 'cutcritic-940d1'...
[info] 
[info] i  deploying hosting 
[debug] [2023-03-29T14:16:43.667Z] >>> [apiv2][query] POST https://firebasehosting.googleapis.com/v1beta1/projects/-/sites/cutcritic-940d1/versions [none]
[debug] [2023-03-29T14:16:43.667Z] >>> [apiv2][body] POST https://firebasehosting.googleapis.com/v1beta1/projects/-/sites/cutcritic-940d1/versions {"status":"CREATED","labels":{"deployment-tool":"cli-firebase"}}
[debug] [2023-03-29T14:16:44.444Z] <<< [apiv2][status] POST https://firebasehosting.googleapis.com/v1beta1/projects/-/sites/cutcritic-940d1/versions 200
[debug] [2023-03-29T14:16:44.445Z] <<< [apiv2][body] POST https://firebasehosting.googleapis.com/v1beta1/projects/-/sites/cutcritic-940d1/versions {"name":"projects/313088351936/sites/cutcritic-940d1/versions/d69522c3ef59348b","status":"CREATED","config":{},"labels":{"deployment-tool":"cli-firebase"}}
[info] i  hosting[cutcritic-940d1]: beginning deploy... 
[info] i  hosting[cutcritic-940d1]: found 1 files in build 
[debug] [2023-03-29T14:16:44.452Z] [hosting] uploading with 200 concurrency
[debug] [2023-03-29T14:16:44.457Z] [hosting] hash cache [YnVpbGQ] stored for 1 files
[debug] [2023-03-29T14:16:44.457Z] [hosting][hash queue][FINAL] {"max":0,"min":0,"avg":0,"active":0,"complete":1,"success":1,"errored":0,"retried":0,"total":1,"elapsed":3}
[debug] [2023-03-29T14:16:44.457Z] >>> [apiv2][query] POST https://firebasehosting.googleapis.com/v1beta1/projects/313088351936/sites/cutcritic-940d1/versions/d69522c3ef59348b:populateFiles [none]
[debug] [2023-03-29T14:16:44.457Z] >>> [apiv2][body] POST https://firebasehosting.googleapis.com/v1beta1/projects/313088351936/sites/cutcritic-940d1/versions/d69522c3ef59348b:populateFiles {"files":{"/index.html":"6b09e590974bb82aa06b1febd3144a71fe4d79b04cd1b7d0658f87d2bc81118f"}}
[debug] [2023-03-29T14:16:44.644Z] <<< [apiv2][status] POST https://firebasehosting.googleapis.com/v1beta1/projects/313088351936/sites/cutcritic-940d1/versions/d69522c3ef59348b:populateFiles 200
[debug] [2023-03-29T14:16:44.644Z] <<< [apiv2][body] POST https://firebasehosting.googleapis.com/v1beta1/projects/313088351936/sites/cutcritic-940d1/versions/d69522c3ef59348b:populateFiles {"uploadUrl":"https://upload-firebasehosting.googleapis.com/upload/sites/cutcritic-940d1/versions/d69522c3ef59348b/files"}
[debug] [2023-03-29T14:16:44.644Z] [hosting][populate queue][FINAL] {"max":190,"min":190,"avg":190,"active":0,"complete":1,"success":1,"errored":0,"retried":0,"total":1,"elapsed":190}
[debug] [2023-03-29T14:16:44.644Z] [hosting] uploads queued: 0
[debug] [2023-03-29T14:16:44.644Z] [hosting][upload queue][FINAL] {"max":0,"min":9999999999,"avg":0,"active":0,"complete":0,"success":0,"errored":0,"retried":0,"total":0,"elapsed":1680099404644}
[info] i  hosting: upload complete 
[info] ✔  hosting[cutcritic-940d1]: file upload complete 
[debug] [2023-03-29T14:16:44.645Z] [hosting] deploy completed after 198ms
[debug] [2023-03-29T14:16:44.646Z] [
  {
    "config": {
      "public": "build",
      "ignore": [
        "firebase.json",
        "**/.*",
        "**/node_modules/**"
      ],
      "rewrites": [
        {
          "source": "**",
          "destination": "/index.html"
        }
      ],
      "site": "cutcritic-940d1"
    },
    "version": "projects/313088351936/sites/cutcritic-940d1/versions/d69522c3ef59348b"
  }
]
[info] i  hosting[cutcritic-940d1]: finalizing version... 
[debug] [2023-03-29T14:16:44.647Z] >>> [apiv2][query] PATCH https://firebasehosting.googleapis.com/v1beta1/projects/-/sites/cutcritic-940d1/versions/d69522c3ef59348b updateMask=status%2Cconfig
[debug] [2023-03-29T14:16:44.647Z] >>> [apiv2][body] PATCH https://firebasehosting.googleapis.com/v1beta1/projects/-/sites/cutcritic-940d1/versions/d69522c3ef59348b {"status":"FINALIZED","config":{"rewrites":[{"glob":"**","path":"/index.html"}]}}
[debug] [2023-03-29T14:16:44.891Z] <<< [apiv2][status] PATCH https://firebasehosting.googleapis.com/v1beta1/projects/-/sites/cutcritic-940d1/versions/d69522c3ef59348b 200
[debug] [2023-03-29T14:16:44.892Z] <<< [apiv2][body] PATCH https://firebasehosting.googleapis.com/v1beta1/projects/-/sites/cutcritic-940d1/versions/d69522c3ef59348b {"name":"projects/313088351936/sites/cutcritic-940d1/versions/d69522c3ef59348b","status":"FINALIZED","config":{"rewrites":[{"glob":"**","path":"/index.html"}]},"labels":{"deployment-tool":"cli-firebase"},"createTime":"2023-03-29T14:16:44.067406Z","createUser":{"email":"dparrasite@gmail.com"},"finalizeTime":"2023-03-29T14:16:44.872445Z","finalizeUser":{"email":"dparrasite@gmail.com"}}
[debug] [2023-03-29T14:16:44.892Z] [hosting] finalized version for cutcritic-940d1:[object Object]
[info] ✔  hosting[cutcritic-940d1]: version finalized 
[info] i  hosting[cutcritic-940d1]: releasing new version... 
[debug] [2023-03-29T14:16:44.893Z] >>> [apiv2][query] POST https://firebasehosting.googleapis.com/v1beta1/projects/-/sites/cutcritic-940d1/channels/live/releases versionName=projects%2F313088351936%2Fsites%2Fcutcritic-940d1%2Fversions%2Fd69522c3ef59348b
[debug] [2023-03-29T14:16:44.894Z] >>> [apiv2][body] POST https://firebasehosting.googleapis.com/v1beta1/projects/-/sites/cutcritic-940d1/channels/live/releases {}
[debug] [2023-03-29T14:16:45.167Z] <<< [apiv2][status] POST https://firebasehosting.googleapis.com/v1beta1/projects/-/sites/cutcritic-940d1/channels/live/releases 200
[debug] [2023-03-29T14:16:45.168Z] <<< [apiv2][body] POST https://firebasehosting.googleapis.com/v1beta1/projects/-/sites/cutcritic-940d1/channels/live/releases {"name":"projects/313088351936/sites/cutcritic-940d1/channels/live/releases/1680099404558000","version":{"name":"projects/313088351936/sites/cutcritic-940d1/versions/d69522c3ef59348b","status":"FINALIZED","config":{"rewrites":[{"glob":"**","path":"/index.html"}]},"labels":{"deployment-tool":"cli-firebase"},"createTime":"2023-03-29T14:16:44.067406Z","createUser":{"email":"dparrasite@gmail.com","imageUrl":"https://lh3.googleusercontent.com/a/AGNmyxacozcCVbT3OL3GxS45t81_jmM6zR7q4R2fWr1b4A"},"finalizeTime":"2023-03-29T14:16:44.872445Z","finalizeUser":{"email":"dparrasite@gmail.com","imageUrl":"https://lh3.googleusercontent.com/a/AGNmyxacozcCVbT3OL3GxS45t81_jmM6zR7q4R2fWr1b4A"}},"type":"DEPLOY","releaseTime":"2023-03-29T14:16:44.558Z","releaseUser":{"email":"dparrasite@gmail.com","imageUrl":"https://lh3.googleusercontent.com/a/AGNmyxacozcCVbT3OL3GxS45t81_jmM6zR7q4R2fWr1b4A"}}
[debug] [2023-03-29T14:16:45.168Z] [hosting] release: {"name":"projects/313088351936/sites/cutcritic-940d1/channels/live/releases/1680099404558000","version":{"name":"projects/313088351936/sites/cutcritic-940d1/versions/d69522c3ef59348b","status":"FINALIZED","config":{"rewrites":[{"glob":"**","path":"/index.html"}]},"labels":{"deployment-tool":"cli-firebase"},"createTime":"2023-03-29T14:16:44.067406Z","createUser":{"email":"dparrasite@gmail.com","imageUrl":"https://lh3.googleusercontent.com/a/AGNmyxacozcCVbT3OL3GxS45t81_jmM6zR7q4R2fWr1b4A"},"finalizeTime":"2023-03-29T14:16:44.872445Z","finalizeUser":{"email":"dparrasite@gmail.com","imageUrl":"https://lh3.googleusercontent.com/a/AGNmyxacozcCVbT3OL3GxS45t81_jmM6zR7q4R2fWr1b4A"}},"type":"DEPLOY","releaseTime":"2023-03-29T14:16:44.558Z","releaseUser":{"email":"dparrasite@gmail.com","imageUrl":"https://lh3.googleusercontent.com/a/AGNmyxacozcCVbT3OL3GxS45t81_jmM6zR7q4R2fWr1b4A"}}
[info] ✔  hosting[cutcritic-940d1]: release complete 
[info] 
[info] ✔  Deploy complete! 
[info] 
[info] Project Console: https://console.firebase.google.com/project/cutcritic-940d1/overview
[info] Hosting URL: https://cutcritic-940d1.web.app
